Using pre-set license
Built from '2020.2/release' branch; Version is '2020.2.0f1 (3721df5a8b28) revision 3613151'; Using compiler version '192528614'; Build Type 'Release'
OS: 'Windows 10  (10.0.0) 64bit' Language: 'en' Physical Memory: 32683 MB
BatchMode: 1, IsHumanControllingUs: 0, StartBugReporterOnCrash: 0, Is64bit: 1, IsPro: 0

 COMMAND LINE ARGUMENTS:
C:\Program Files\Unity\Hub\Editor\2020.2.0f1\Editor\Unity.exe
-adb2
-batchMode
-noUpm
-name
AssetImportWorker0
-projectPath
C:/Users/tonik/pac-man clone
-logFile
Logs/AssetImportWorker0.log
-srvPort
59917
Successfully changed project path to: C:/Users/tonik/pac-man clone
C:/Users/tonik/pac-man clone
Using Asset Import Pipeline V2.
Refreshing native plugins compatible for Editor in 35.58 ms, found 1 plugins.
Preloading 0 native plugins for Editor in 0.00 ms.
Initialize engine version: 2020.2.0f1 (3721df5a8b28)
[Subsystems] Discovering subsystems at path C:/Program Files/Unity/Hub/Editor/2020.2.0f1/Editor/Data/Resources/UnitySubsystems
[Subsystems] Discovering subsystems at path C:/Users/tonik/pac-man clone/Assets
GfxDevice: creating device client; threaded=0
Direct3D:
    Version:  Direct3D 11.0 [level 11.1]
    Renderer: NVIDIA GeForce GTX 1660 (ID=0x2184)
    Vendor:   
    VRAM:     5991 MB
    Driver:   27.21.14.6109
Initialize mono
Mono path[0] = 'C:/Program Files/Unity/Hub/Editor/2020.2.0f1/Editor/Data/Managed'
Mono path[1] = 'C:/Program Files/Unity/Hub/Editor/2020.2.0f1/Editor/Data/MonoBleedingEdge/lib/mono/unityjit'
Mono config path = 'C:/Program Files/Unity/Hub/Editor/2020.2.0f1/Editor/Data/MonoBleedingEdge/etc'
Using monoOptions --debugger-agent=transport=dt_socket,embedding=1,server=y,suspend=n,address=127.0.0.1:56980
Begin MonoManager ReloadAssembly
Registering precompiled unity dll's ...
Register platform support module: C:/Program Files/Unity/Hub/Editor/2020.2.0f1/Editor/Data/PlaybackEngines/WindowsStandaloneSupport/UnityEditor.WindowsStandalone.Extensions.dll
Registered in 0.002279 seconds.
Native extension for WindowsStandalone target not found
Refreshing native plugins compatible for Editor in 32.16 ms, found 1 plugins.
Preloading 0 native plugins for Editor in 0.00 ms.
Invoked RoslynAnalysisRunner static constructor.
RoslynAnalysisRunner will not be running.
RoslynAnalysisRunner has terminated.
Mono: successfully reloaded assembly
- Completed reload, in  1.120 seconds
Platform modules already initialized, skipping
Registering precompiled user dll's ...
Registered in 0.001362 seconds.
Begin MonoManager ReloadAssembly
Native extension for WindowsStandalone target not found
Refreshing native plugins compatible for Editor in 33.06 ms, found 1 plugins.
Preloading 0 native plugins for Editor in 0.00 ms.
Invoked RoslynAnalysisRunner static constructor.
RoslynAnalysisRunner will not be running.
RoslynAnalysisRunner has terminated.
Mono: successfully reloaded assembly
- Completed reload, in  0.846 seconds
Platform modules already initialized, skipping
========================================================================
Worker process is ready to serve import requests
Launched and connected shader compiler UnityShaderCompiler.exe after 0.06 seconds
Refreshing native plugins compatible for Editor in 0.37 ms, found 1 plugins.
Preloading 0 native plugins for Editor in 0.00 ms.
Unloading 1787 Unused Serialized files (Serialized files now loaded: 0)
System memory in use before: 83.5 MB.
System memory in use after: 83.5 MB.

Unloading 24 unused Assets to reduce memory usage. Loaded Objects now: 2226.
Total: 1.884200 ms (FindLiveObjects: 0.168300 ms CreateObjectMapping: 0.067500 ms MarkObjects: 1.552000 ms  DeleteObjects: 0.095100 ms)

========================================================================
Received Import Request.
  path: Assets/game_maze.png
  artifactKey: Guid(789ee29b156cb924d9667e0cedd09527) Importer(815301076,1909f56bfc062723c751e8b465ee728b)
Start importing Assets/game_maze.png using Guid(789ee29b156cb924d9667e0cedd09527) Importer(815301076,1909f56bfc062723c751e8b465ee728b)  -> (artifact id: '041ec2cded71a1a13558522b1ea705b0') in 0.135136 seconds
  Import took 0.137889 seconds .

========================================================================
Received Import Request.
  Time since last request: 25.132952 seconds.
  path: Packages/com.unity.2d.sprite/package.json
  artifactKey: Guid(7dc5f1e5d04ac8549ac21802071e983b) Importer(815301076,1909f56bfc062723c751e8b465ee728b)
Start importing Packages/com.unity.2d.sprite/package.json using Guid(7dc5f1e5d04ac8549ac21802071e983b) Importer(815301076,1909f56bfc062723c751e8b465ee728b)  -> (artifact id: '838a20360a60ec136feaef205146d080') in 0.015244 seconds
  Import took 0.018939 seconds .

========================================================================
Received Import Request.
  Time since last request: 99.462617 seconds.
  path: Assets/game_maze.png
  artifactKey: Guid(789ee29b156cb924d9667e0cedd09527) Importer(815301076,1909f56bfc062723c751e8b465ee728b)
Start importing Assets/game_maze.png using Guid(789ee29b156cb924d9667e0cedd09527) Importer(815301076,1909f56bfc062723c751e8b465ee728b)  -> (artifact id: 'ce273e09081835bd91593510e7639771') in 0.018560 seconds
  Import took 0.021786 seconds .

========================================================================
Received Import Request.
  Time since last request: 1205962.955071 seconds.
  path: Assets/pac-man clone.unity
  artifactKey: Guid(684e0dc21869f9641bc19fbe6a3d67c3) Importer(815301076,1909f56bfc062723c751e8b465ee728b)
Start importing Assets/pac-man clone.unity using Guid(684e0dc21869f9641bc19fbe6a3d67c3) Importer(815301076,1909f56bfc062723c751e8b465ee728b)  -> (artifact id: '465b340038fd3f20bf6e3a83ef9c651f') in 0.020811 seconds
  Import took 0.063828 seconds .

AssetImportWorkerClient::OnTransportError - code=2 error=End of file
